<?xml version="1.0" encoding="UTF-8"?>
<testng-results skipped="0" failed="0" ignored="0" total="1" passed="1">
  <reporter-output>
  </reporter-output>
  <suite name="Command line suite" duration-ms="25" started-at="2017-07-18T05:45:36Z" finished-at="2017-07-18T05:45:36Z">
    <groups>
    </groups>
    <test name="Command line test" duration-ms="25" started-at="2017-07-18T05:45:36Z" finished-at="2017-07-18T05:45:36Z">
      <class name="com.epam.AppTest">
        <test-method status="PASS" signature="testApp()" name="testApp" duration-ms="8" started-at="2017-07-18T08:45:36Z" finished-at="2017-07-18T08:45:36Z">
          <reporter-output>
          </reporter-output>
        </test-method> <!-- testApp -->
      </class> <!-- com.epam.AppTest -->
    </test> <!-- Command line test -->
  </suite> <!-- Command line suite -->
</testng-results>
