<?xml version="1.0" encoding="UTF-8"?>
<!-- Generated by org.testng.reporters.JUnitXMLReporter -->
<testsuite hostname="EPUALVIW0358" ignored="0" name="Default test" tests="5" failures="0" timestamp="26 Jul 2017 06:43:10 GMT" time="41.487" errors="0">
  <testcase name="markMessagesToImportantAndDelete" time="33.155" classname="com.epam.lab.gmail.GmailTest"/>
  <testcase name="markMessagesToImportantAndDelete" time="34.691" classname="com.epam.lab.gmail.GmailTest"/>
  <testcase name="markMessagesToImportantAndDelete" time="34.743" classname="com.epam.lab.gmail.GmailTest"/>
  <testcase name="markMessagesToImportantAndDelete" time="38.98" classname="com.epam.lab.gmail.GmailTest"/>
  <testcase name="markMessagesToImportantAndDelete" time="40.451" classname="com.epam.lab.gmail.GmailTest"/>
</testsuite> <!-- Default test -->
