<?xml version="1.0" encoding="UTF-8"?>
<!-- Generated by org.testng.reporters.JUnitXMLReporter -->
<testsuite hostname="PABLO-ПК" ignored="0" name="Default test" tests="3" failures="0" timestamp="26 лип. 2017 07:09:28 GMT" time="122.308" errors="0">
  <testcase name="testSend" time="103.719" classname="com.epam.lab.TestNGPageObject"/>
  <testcase name="testSend" time="112.176" classname="com.epam.lab.TestNGPageObject"/>
  <testcase name="testSend" time="120.692" classname="com.epam.lab.TestNGPageObject"/>
</testsuite> <!-- Default test -->
