<?xml version="1.0" encoding="UTF-8"?>
<testng-results skipped="0" failed="0" ignored="0" total="3" passed="3">
  <reporter-output>
  </reporter-output>
  <suite name="Default suite" duration-ms="122308" started-at="2017-07-26T07:07:25Z" finished-at="2017-07-26T07:09:27Z">
    <groups>
    </groups>
    <test name="Default test" duration-ms="122308" started-at="2017-07-26T07:07:25Z" finished-at="2017-07-26T07:09:27Z">
      <class name="com.epam.lab.TestNGPageObject">
        <test-method status="PASS" signature="beforeMethod()[pri:0, instance:com.epam.lab.TestNGPageObject@a3ffec]" name="beforeMethod" is-config="true" duration-ms="12" started-at="2017-07-26T10:07:25Z" finished-at="2017-07-26T10:07:25Z">
          <reporter-output>
          </reporter-output>
        </test-method> <!-- beforeMethod -->
        <test-method status="PASS" signature="beforeMethod()[pri:0, instance:com.epam.lab.TestNGPageObject@a3ffec]" name="beforeMethod" is-config="true" duration-ms="12" started-at="2017-07-26T10:07:25Z" finished-at="2017-07-26T10:07:25Z">
          <reporter-output>
          </reporter-output>
        </test-method> <!-- beforeMethod -->
        <test-method status="PASS" signature="beforeMethod()[pri:0, instance:com.epam.lab.TestNGPageObject@a3ffec]" name="beforeMethod" is-config="true" duration-ms="11" started-at="2017-07-26T10:07:25Z" finished-at="2017-07-26T10:07:25Z">
          <reporter-output>
          </reporter-output>
        </test-method> <!-- beforeMethod -->
        <test-method status="PASS" signature="testSend(java.lang.String)[pri:0, instance:com.epam.lab.TestNGPageObject@a3ffec]" name="testSend" duration-ms="112176" started-at="2017-07-26T10:07:25Z" data-provider="getUsersData" finished-at="2017-07-26T10:09:17Z">
          <params>
            <param index="0">
              <value>
                <![CDATA[gmail3]]>
              </value>
            </param>
          </params>
          <reporter-output>
          </reporter-output>
        </test-method> <!-- testSend -->
        <test-method status="PASS" signature="testSend(java.lang.String)[pri:0, instance:com.epam.lab.TestNGPageObject@a3ffec]" name="testSend" duration-ms="120692" started-at="2017-07-26T10:07:25Z" data-provider="getUsersData" finished-at="2017-07-26T10:09:26Z">
          <params>
            <param index="0">
              <value>
                <![CDATA[gmail2]]>
              </value>
            </param>
          </params>
          <reporter-output>
          </reporter-output>
        </test-method> <!-- testSend -->
        <test-method status="PASS" signature="testSend(java.lang.String)[pri:0, instance:com.epam.lab.TestNGPageObject@a3ffec]" name="testSend" duration-ms="103719" started-at="2017-07-26T10:07:25Z" data-provider="getUsersData" finished-at="2017-07-26T10:09:09Z">
          <params>
            <param index="0">
              <value>
                <![CDATA[gmail1]]>
              </value>
            </param>
          </params>
          <reporter-output>
          </reporter-output>
        </test-method> <!-- testSend -->
        <test-method status="PASS" signature="afterMethod()[pri:0, instance:com.epam.lab.TestNGPageObject@a3ffec]" name="afterMethod" is-config="true" duration-ms="10096" started-at="2017-07-26T10:09:09Z" finished-at="2017-07-26T10:09:19Z">
          <reporter-output>
          </reporter-output>
        </test-method> <!-- afterMethod -->
        <test-method status="PASS" signature="afterMethod()[pri:0, instance:com.epam.lab.TestNGPageObject@a3ffec]" name="afterMethod" is-config="true" duration-ms="1660" started-at="2017-07-26T10:09:17Z" finished-at="2017-07-26T10:09:19Z">
          <reporter-output>
          </reporter-output>
        </test-method> <!-- afterMethod -->
        <test-method status="PASS" signature="afterMethod()[pri:0, instance:com.epam.lab.TestNGPageObject@a3ffec]" name="afterMethod" is-config="true" duration-ms="1465" started-at="2017-07-26T10:09:26Z" finished-at="2017-07-26T10:09:27Z">
          <reporter-output>
          </reporter-output>
        </test-method> <!-- afterMethod -->
      </class> <!-- com.epam.lab.TestNGPageObject -->
    </test> <!-- Default test -->
  </suite> <!-- Default suite -->
</testng-results>
